[1664115979545] INFO  (ext): SQLTools is starting
[1664115979547] INFO  (ext): initializing language client...
[1664115979548] INFO  (ext): Registering client for languages [{"scheme":"sqltools"},{"language":"sql","scheme":"untitled"},{"language":"sql","scheme":"file"},{"language":"sql","scheme":"sqltools"}]
    ns: "lc"
[1664115979551] INFO  (ext): loading plugins...
[1664115979551] INFO  (ext): registering Formatter Plugin.
    plugin: {
      "name": "Formatter Plugin"
    }
[1664115979552] INFO  (ext): registering Connection Manager Plugin.
    plugin: {
      "name": "Connection Manager Plugin"
    }
[1664115979552] INFO  (ext): registering CodeLens Plugin.
    plugin: {
      "name": "CodeLens Plugin",
      "registeredLanguages": []
    }
[1664115979553] INFO  (ext): registering Dependency Manager Plugin.
    plugin: {
      "name": "Dependency Manager Plugin",
      "installingDrivers": []
    }
[1664115979554] INFO  (ext): Connection explorer changed. Will be updated.
    ns: "conn-man:explorer"
[1664115979555] INFO  (ext): registering History Manager Plugin.
    plugin: {
      "name": "History Manager Plugin"
    }
[1664115979555] INFO  (ext): registering Bookmarks Manager Plugin.
    plugin: {
      "name": "Bookmarks Manager Plugin"
    }
[1664115979556] INFO  (ext): SQLTools activation completed. 10.850212 ms
[1664115979562] INFO  (ext): Formatter Plugin registered!
[1664115979562] INFO  (ext): CodeLens Plugin registered!
[1664115979562] INFO  (ext): Dependency Manager Plugin registered!
[1664115979562] INFO  (ext): Connection Manager Plugin registered!
[1664115979562] INFO  (ext): History Manager Plugin registered!
[1664115979563] INFO  (ext): Bookmarks Manager Plugin registered!
[1664115979620] INFO  (ext): registering MySQL/MariaDB Plugin (driver).
    plugin: {
      "extensionId": "mtxr.sqltools-driver-mysql",
      "name": "MySQL/MariaDB Plugin",
      "type": "driver"
    }
[1664115979620] INFO  (ext): registering PostgreSQL/Redshift Plugin (driver).
    plugin: {
      "extensionId": "mtxr.sqltools-driver-pg",
      "name": "PostgreSQL/Redshift Plugin",
      "type": "driver"
    }
[1664115979807] INFO  (ls): SQLTools Server started!
===============================
Using node runtime?: no
ExecPath: /usr/lib/electron19/electron 
===============================
[1664115979815] INFO  (ls): Telemetry enabled!
    ns: "telemetry"
[1664115979821] INFO  (ext): LanguageClient ready
    ns: "lc"
[1664115979824] INFO  (ls): REQUEST RECEIVED => ls/RegisterPlugin
[1664115979825] INFO  (ls): request to register plugin: "/home/tkemberli/.vscode-oss/extensions/mtxr.sqltools-driver-mysql-0.2.0/out/ls/plugin.js"
[1664115979967] INFO  (ls): Driver mysql registered!
    place: "driver-map"
    ns: "ls-context"
[1664115979967] INFO  (ls): Driver mariadb registered!
    place: "driver-map"
    ns: "ls-context"
[1664115979968] INFO  (ls): REQUEST RECEIVED => ls/RegisterPlugin
[1664115979968] INFO  (ext): MySQL/MariaDB Plugin (driver) registered!
[1664115979968] INFO  (ls): request to register plugin: "/home/tkemberli/.vscode-oss/extensions/mtxr.sqltools-driver-pg-0.2.0/out/ls/plugin.js"
[1664115980012] INFO  (ls): Driver postgresql registered!
    place: "driver-map"
    ns: "ls-context"
[1664115980012] INFO  (ls): Driver aws redshift registered!
    place: "driver-map"
    ns: "ls-context"
[1664115980013] INFO  (ext): PostgreSQL/Redshift Plugin (driver) registered!
[1664115981013] INFO  (ext): EXECUTING COMMAND => sqltools.refreshTree
[1664115981014] INFO  (ext): Connection explorer changed. Will be updated.
    ns: "conn-man:explorer"
[1664115981554] INFO  (ext): Connection explorer changed. Will be updated.
    ns: "conn-man:explorer"
[1664116523584] INFO  (ext): Connection explorer changed. Will be updated.
    ns: "conn-man:explorer"
[1664116523586] INFO  (ext): Connection explorer changed. Will be updated.
    ns: "conn-man:explorer"
