[1664114798511] INFO  (ext): SQLTools is starting
[1664114798513] INFO  (ext): initializing language client...
[1664114798514] INFO  (ext): Registering client for languages [{"scheme":"sqltools"},{"language":"sql","scheme":"untitled"},{"language":"sql","scheme":"file"},{"language":"sql","scheme":"sqltools"}]
    ns: "lc"
[1664114798517] INFO  (ext): loading plugins...
[1664114798517] INFO  (ext): registering Formatter Plugin.
    plugin: {
      "name": "Formatter Plugin"
    }
[1664114798518] INFO  (ext): registering Connection Manager Plugin.
    plugin: {
      "name": "Connection Manager Plugin"
    }
[1664114798518] INFO  (ext): registering CodeLens Plugin.
    plugin: {
      "name": "CodeLens Plugin",
      "registeredLanguages": []
    }
[1664114798518] INFO  (ext): registering Dependency Manager Plugin.
    plugin: {
      "name": "Dependency Manager Plugin",
      "installingDrivers": []
    }
[1664114798520] INFO  (ext): Connection explorer changed. Will be updated.
    ns: "conn-man:explorer"
[1664114798521] INFO  (ext): registering History Manager Plugin.
    plugin: {
      "name": "History Manager Plugin"
    }
[1664114798521] INFO  (ext): registering Bookmarks Manager Plugin.
    plugin: {
      "name": "Bookmarks Manager Plugin"
    }
[1664114798522] INFO  (ext): SQLTools activation completed. 10.885228 ms
[1664114798528] INFO  (ext): Formatter Plugin registered!
[1664114798528] INFO  (ext): CodeLens Plugin registered!
[1664114798528] INFO  (ext): Dependency Manager Plugin registered!
[1664114798528] INFO  (ext): Connection Manager Plugin registered!
[1664114798528] INFO  (ext): History Manager Plugin registered!
[1664114798528] INFO  (ext): Bookmarks Manager Plugin registered!
[1664114798595] INFO  (ext): registering MySQL/MariaDB Plugin (driver).
    plugin: {
      "extensionId": "mtxr.sqltools-driver-mysql",
      "name": "MySQL/MariaDB Plugin",
      "type": "driver"
    }
[1664114798595] INFO  (ext): registering PostgreSQL/Redshift Plugin (driver).
    plugin: {
      "extensionId": "mtxr.sqltools-driver-pg",
      "name": "PostgreSQL/Redshift Plugin",
      "type": "driver"
    }
[1664114798773] INFO  (ls): SQLTools Server started!
===============================
Using node runtime?: no
ExecPath: /usr/lib/electron19/electron 
===============================
[1664114798779] INFO  (ls): Telemetry enabled!
    ns: "telemetry"
[1664114798785] INFO  (ext): LanguageClient ready
    ns: "lc"
[1664114798788] INFO  (ls): REQUEST RECEIVED => ls/RegisterPlugin
[1664114798789] INFO  (ls): request to register plugin: "/home/tkemberli/.vscode-oss/extensions/mtxr.sqltools-driver-mysql-0.2.0/out/ls/plugin.js"
[1664114798934] INFO  (ls): Driver mysql registered!
    place: "driver-map"
    ns: "ls-context"
[1664114798934] INFO  (ls): Driver mariadb registered!
    place: "driver-map"
    ns: "ls-context"
[1664114798934] INFO  (ls): REQUEST RECEIVED => ls/RegisterPlugin
[1664114798935] INFO  (ext): MySQL/MariaDB Plugin (driver) registered!
[1664114798934] INFO  (ls): request to register plugin: "/home/tkemberli/.vscode-oss/extensions/mtxr.sqltools-driver-pg-0.2.0/out/ls/plugin.js"
[1664114798980] INFO  (ls): Driver postgresql registered!
    place: "driver-map"
    ns: "ls-context"
[1664114798980] INFO  (ls): Driver aws redshift registered!
    place: "driver-map"
    ns: "ls-context"
[1664114798980] INFO  (ext): PostgreSQL/Redshift Plugin (driver) registered!
[1664114799981] INFO  (ext): EXECUTING COMMAND => sqltools.refreshTree
[1664114799981] INFO  (ext): Connection explorer changed. Will be updated.
    ns: "conn-man:explorer"
[1664114800521] INFO  (ext): Connection explorer changed. Will be updated.
    ns: "conn-man:explorer"
