[1664114571277] INFO  (ext): SQLTools is starting
[1664114571280] INFO  (ext): initializing language client...
[1664114571281] INFO  (ext): Registering client for languages [{"scheme":"sqltools"},{"language":"sql","scheme":"untitled"},{"language":"sql","scheme":"file"},{"language":"sql","scheme":"sqltools"}]
    ns: "lc"
[1664114571283] INFO  (ext): loading plugins...
[1664114571283] INFO  (ext): registering Formatter Plugin.
    plugin: {
      "name": "Formatter Plugin"
    }
[1664114571284] INFO  (ext): registering Connection Manager Plugin.
    plugin: {
      "name": "Connection Manager Plugin"
    }
[1664114571284] INFO  (ext): registering CodeLens Plugin.
    plugin: {
      "name": "CodeLens Plugin",
      "registeredLanguages": []
    }
[1664114571285] INFO  (ext): registering Dependency Manager Plugin.
    plugin: {
      "name": "Dependency Manager Plugin",
      "installingDrivers": []
    }
[1664114571286] INFO  (ext): Connection explorer changed. Will be updated.
    ns: "conn-man:explorer"
[1664114571286] INFO  (ext): registering History Manager Plugin.
    plugin: {
      "name": "History Manager Plugin"
    }
[1664114571286] INFO  (ext): registering Bookmarks Manager Plugin.
    plugin: {
      "name": "Bookmarks Manager Plugin"
    }
[1664114571287] INFO  (ext): SQLTools activation completed. 10.315108 ms
[1664114571287] INFO  (ext): Formatter Plugin registered!
[1664114571287] INFO  (ext): CodeLens Plugin registered!
[1664114571287] INFO  (ext): Dependency Manager Plugin registered!
[1664114571288] INFO  (ext): Connection Manager Plugin registered!
[1664114571288] INFO  (ext): History Manager Plugin registered!
[1664114571288] INFO  (ext): Bookmarks Manager Plugin registered!
[1664114571366] INFO  (ext): registering MySQL/MariaDB Plugin (driver).
    plugin: {
      "extensionId": "mtxr.sqltools-driver-mysql",
      "name": "MySQL/MariaDB Plugin",
      "type": "driver"
    }
[1664114571367] INFO  (ext): registering PostgreSQL/Redshift Plugin (driver).
    plugin: {
      "extensionId": "mtxr.sqltools-driver-pg",
      "name": "PostgreSQL/Redshift Plugin",
      "type": "driver"
    }
[1664114571573] INFO  (ls): SQLTools Server started!
===============================
Using node runtime?: no
ExecPath: /usr/lib/electron19/electron 
===============================
[1664114571580] INFO  (ls): Telemetry enabled!
    ns: "telemetry"
[1664114571584] INFO  (ext): LanguageClient ready
    ns: "lc"
[1664114571586] INFO  (ls): REQUEST RECEIVED => ls/RegisterPlugin
[1664114571586] INFO  (ls): request to register plugin: "/home/tkemberli/.vscode-oss/extensions/mtxr.sqltools-driver-mysql-0.2.0/out/ls/plugin.js"
[1664114571720] INFO  (ls): Driver mysql registered!
    place: "driver-map"
    ns: "ls-context"
[1664114571720] INFO  (ls): Driver mariadb registered!
    place: "driver-map"
    ns: "ls-context"
[1664114571721] INFO  (ext): MySQL/MariaDB Plugin (driver) registered!
[1664114571721] INFO  (ls): REQUEST RECEIVED => ls/RegisterPlugin
[1664114571721] INFO  (ls): request to register plugin: "/home/tkemberli/.vscode-oss/extensions/mtxr.sqltools-driver-pg-0.2.0/out/ls/plugin.js"
[1664114571765] INFO  (ls): Driver postgresql registered!
    place: "driver-map"
    ns: "ls-context"
[1664114571766] INFO  (ls): Driver aws redshift registered!
    place: "driver-map"
    ns: "ls-context"
[1664114571766] INFO  (ext): PostgreSQL/Redshift Plugin (driver) registered!
[1664114572767] INFO  (ext): EXECUTING COMMAND => sqltools.refreshTree
[1664114572767] INFO  (ext): Connection explorer changed. Will be updated.
    ns: "conn-man:explorer"
[1664114573287] INFO  (ext): Connection explorer changed. Will be updated.
    ns: "conn-man:explorer"
[1664114593427] INFO  (ext): Connection explorer changed. Will be updated.
    ns: "conn-man:explorer"
[1664114594876] INFO  (ext): Connection explorer changed. Will be updated.
    ns: "conn-man:explorer"
[1664114594877] INFO  (ext): Connection explorer changed. Will be updated.
    ns: "conn-man:explorer"
[1664114726505] INFO  (ext): Connection explorer changed. Will be updated.
    ns: "conn-man:explorer"
[1664114744701] INFO  (ext): Connection explorer changed. Will be updated.
    ns: "conn-man:explorer"
[1664114754975] INFO  (ext): Connection explorer changed. Will be updated.
    ns: "conn-man:explorer"
