[1664123313194] INFO  (ext): SQLTools is starting
[1664123313196] INFO  (ext): initializing language client...
[1664123313197] INFO  (ext): Registering client for languages [{"scheme":"sqltools"},{"language":"sql","scheme":"untitled"},{"language":"sql","scheme":"file"},{"language":"sql","scheme":"sqltools"}]
    ns: "lc"
[1664123313200] INFO  (ext): loading plugins...
[1664123313201] INFO  (ext): registering Formatter Plugin.
    plugin: {
      "name": "Formatter Plugin"
    }
[1664123313201] INFO  (ext): registering Connection Manager Plugin.
    plugin: {
      "name": "Connection Manager Plugin"
    }
[1664123313201] INFO  (ext): registering CodeLens Plugin.
    plugin: {
      "name": "CodeLens Plugin",
      "registeredLanguages": []
    }
[1664123313202] INFO  (ext): registering Dependency Manager Plugin.
    plugin: {
      "name": "Dependency Manager Plugin",
      "installingDrivers": []
    }
[1664123313204] INFO  (ext): Connection explorer changed. Will be updated.
    ns: "conn-man:explorer"
[1664123313205] INFO  (ext): registering History Manager Plugin.
    plugin: {
      "name": "History Manager Plugin"
    }
[1664123313206] INFO  (ext): registering Bookmarks Manager Plugin.
    plugin: {
      "name": "Bookmarks Manager Plugin"
    }
[1664123313207] INFO  (ext): SQLTools activation completed. 12.818623 ms
[1664123313213] INFO  (ext): Formatter Plugin registered!
[1664123313213] INFO  (ext): CodeLens Plugin registered!
[1664123313213] INFO  (ext): Dependency Manager Plugin registered!
[1664123313213] INFO  (ext): Connection Manager Plugin registered!
[1664123313214] INFO  (ext): History Manager Plugin registered!
[1664123313214] INFO  (ext): Bookmarks Manager Plugin registered!
[1664123313281] INFO  (ext): registering MySQL/MariaDB Plugin (driver).
    plugin: {
      "extensionId": "mtxr.sqltools-driver-mysql",
      "name": "MySQL/MariaDB Plugin",
      "type": "driver"
    }
[1664123313281] INFO  (ext): registering PostgreSQL/Redshift Plugin (driver).
    plugin: {
      "extensionId": "mtxr.sqltools-driver-pg",
      "name": "PostgreSQL/Redshift Plugin",
      "type": "driver"
    }
[1664123313459] INFO  (ls): SQLTools Server started!
===============================
Using node runtime?: no
ExecPath: /usr/lib/electron19/electron 
===============================
[1664123313465] INFO  (ls): Telemetry enabled!
    ns: "telemetry"
[1664123313471] INFO  (ext): LanguageClient ready
    ns: "lc"
[1664123313474] INFO  (ls): REQUEST RECEIVED => ls/RegisterPlugin
[1664123313474] INFO  (ls): request to register plugin: "/home/tkemberli/.vscode-oss/extensions/mtxr.sqltools-driver-mysql-0.2.0/out/ls/plugin.js"
[1664123313622] INFO  (ls): Driver mysql registered!
    place: "driver-map"
    ns: "ls-context"
[1664123313622] INFO  (ls): Driver mariadb registered!
    place: "driver-map"
    ns: "ls-context"
[1664123313623] INFO  (ls): REQUEST RECEIVED => ls/RegisterPlugin
[1664123313623] INFO  (ext): MySQL/MariaDB Plugin (driver) registered!
[1664123313623] INFO  (ls): request to register plugin: "/home/tkemberli/.vscode-oss/extensions/mtxr.sqltools-driver-pg-0.2.0/out/ls/plugin.js"
[1664123313667] INFO  (ls): Driver postgresql registered!
    place: "driver-map"
    ns: "ls-context"
[1664123313668] INFO  (ls): Driver aws redshift registered!
    place: "driver-map"
    ns: "ls-context"
[1664123313668] INFO  (ext): PostgreSQL/Redshift Plugin (driver) registered!
[1664123314669] INFO  (ext): EXECUTING COMMAND => sqltools.refreshTree
[1664123314670] INFO  (ext): Connection explorer changed. Will be updated.
    ns: "conn-man:explorer"
[1664123315205] INFO  (ext): Connection explorer changed. Will be updated.
    ns: "conn-man:explorer"
[1664123689167] INFO  (ext): Connection explorer changed. Will be updated.
    ns: "conn-man:explorer"
[1664123689167] INFO  (ext): Connection explorer changed. Will be updated.
    ns: "conn-man:explorer"
[1664123759782] INFO  (ext): Connection explorer changed. Will be updated.
    ns: "conn-man:explorer"
[1664123759782] INFO  (ext): Connection explorer changed. Will be updated.
    ns: "conn-man:explorer"
