[1664125506457] INFO  (ext): SQLTools is starting
[1664125506460] INFO  (ext): initializing language client...
[1664125506462] INFO  (ext): Registering client for languages [{"scheme":"sqltools"},{"language":"sql","scheme":"untitled"},{"language":"sql","scheme":"file"},{"language":"sql","scheme":"sqltools"}]
    ns: "lc"
[1664125506466] INFO  (ext): loading plugins...
[1664125506466] INFO  (ext): registering Formatter Plugin.
    plugin: {
      "name": "Formatter Plugin"
    }
[1664125506467] INFO  (ext): registering Connection Manager Plugin.
    plugin: {
      "name": "Connection Manager Plugin"
    }
[1664125506467] INFO  (ext): registering CodeLens Plugin.
    plugin: {
      "name": "CodeLens Plugin",
      "registeredLanguages": []
    }
[1664125506468] INFO  (ext): registering Dependency Manager Plugin.
    plugin: {
      "name": "Dependency Manager Plugin",
      "installingDrivers": []
    }
[1664125506470] INFO  (ext): Connection explorer changed. Will be updated.
    ns: "conn-man:explorer"
[1664125506471] INFO  (ext): registering History Manager Plugin.
    plugin: {
      "name": "History Manager Plugin"
    }
[1664125506471] INFO  (ext): registering Bookmarks Manager Plugin.
    plugin: {
      "name": "Bookmarks Manager Plugin"
    }
[1664125506472] INFO  (ext): SQLTools activation completed. 15.094383 ms
[1664125506480] INFO  (ext): Formatter Plugin registered!
[1664125506481] INFO  (ext): CodeLens Plugin registered!
[1664125506481] INFO  (ext): Dependency Manager Plugin registered!
[1664125506481] INFO  (ext): Connection Manager Plugin registered!
[1664125506481] INFO  (ext): History Manager Plugin registered!
[1664125506481] INFO  (ext): Bookmarks Manager Plugin registered!
[1664125506532] INFO  (ext): registering MySQL/MariaDB Plugin (driver).
    plugin: {
      "extensionId": "mtxr.sqltools-driver-mysql",
      "name": "MySQL/MariaDB Plugin",
      "type": "driver"
    }
[1664125506533] INFO  (ext): registering PostgreSQL/Redshift Plugin (driver).
    plugin: {
      "extensionId": "mtxr.sqltools-driver-pg",
      "name": "PostgreSQL/Redshift Plugin",
      "type": "driver"
    }
[1664125506810] INFO  (ls): SQLTools Server started!
===============================
Using node runtime?: no
ExecPath: /usr/lib/electron19/electron 
===============================
[1664125506819] INFO  (ls): Telemetry enabled!
    ns: "telemetry"
[1664125506823] INFO  (ext): LanguageClient ready
    ns: "lc"
[1664125506826] INFO  (ls): REQUEST RECEIVED => ls/RegisterPlugin
[1664125506826] INFO  (ls): request to register plugin: "/home/tkemberli/.vscode-oss/extensions/mtxr.sqltools-driver-mysql-0.2.0/out/ls/plugin.js"
[1664125506982] INFO  (ls): Driver mysql registered!
    place: "driver-map"
    ns: "ls-context"
[1664125506982] INFO  (ls): Driver mariadb registered!
    place: "driver-map"
    ns: "ls-context"
[1664125506983] INFO  (ls): REQUEST RECEIVED => ls/RegisterPlugin
[1664125506984] INFO  (ext): MySQL/MariaDB Plugin (driver) registered!
[1664125506983] INFO  (ls): request to register plugin: "/home/tkemberli/.vscode-oss/extensions/mtxr.sqltools-driver-pg-0.2.0/out/ls/plugin.js"
[1664125507033] INFO  (ls): Driver postgresql registered!
    place: "driver-map"
    ns: "ls-context"
[1664125507033] INFO  (ls): Driver aws redshift registered!
    place: "driver-map"
    ns: "ls-context"
[1664125507034] INFO  (ext): PostgreSQL/Redshift Plugin (driver) registered!
[1664125508034] INFO  (ext): EXECUTING COMMAND => sqltools.refreshTree
[1664125508035] INFO  (ext): Connection explorer changed. Will be updated.
    ns: "conn-man:explorer"
[1664125508471] INFO  (ext): Connection explorer changed. Will be updated.
    ns: "conn-man:explorer"
