[2022-09-25 11:06:38.380] [renderer1] [error] Unable to load and parse grammar for scope source.haskell from file:///home/tkemberli/.vscode-oss/extensions/justusadam.language-haskell-3.6.0/syntaxes/haskell.json {"fileOperationResult":1,"options":{"preferUnbuffered":true}}
[2022-09-25 11:06:38.540] [renderer1] [error] [Extension Host] (node:26284) [DEP0005] DeprecationWarning: Buffer() is deprecated due to security and usability issues. Please use the Buffer.alloc(), Buffer.allocUnsafe(), or Buffer.from() methods instead.
(Use `electron --trace-deprecation ...` to show where the warning was created)
[2022-09-25 11:11:35.590] [renderer1] [warning] [backup tracker] suspended, ignoring dirty change event file:///home/tkemberli/.config/xmonad/xmonad.hs 
[2022-09-25 11:11:37.945] [renderer1] [error] [Extension Host] (node:35294) [DEP0005] DeprecationWarning: Buffer() is deprecated due to security and usability issues. Please use the Buffer.alloc(), Buffer.allocUnsafe(), or Buffer.from() methods instead.
(Use `electron --trace-deprecation ...` to show where the warning was created)
[2022-09-25 11:11:55.209] [renderer1] [error] Unable to load and parse grammar for scope source.haskell from file:///home/tkemberli/.vscode-oss/extensions/justusadam.language-haskell-3.6.0/syntaxes/haskell.json {"fileOperationResult":1,"options":{"preferUnbuffered":true}}
[2022-09-25 11:13:43.866] [renderer1] [error] Unable to load and parse grammar for scope source.sql from file:///home/tkemberli/.vscode-oss/extensions/mtxr.sqltools-0.24.0/language/sql.tmLanguage.json {"fileOperationResult":1,"options":{"preferUnbuffered":true}}
[2022-09-25 11:13:43.879] [renderer1] [error] Unable to load and parse grammar for scope markdown.haskell.codeblock from file:///home/tkemberli/.vscode-oss/extensions/justusadam.language-haskell-3.6.0/syntaxes/codeblock-haskell.json {"fileOperationResult":1,"options":{"preferUnbuffered":true}}
[2022-09-25 11:13:43.880] [renderer1] [error] Unable to load and parse grammar for scope markdown.lhaskell.codeblock from file:///home/tkemberli/.vscode-oss/extensions/justusadam.language-haskell-3.6.0/syntaxes/codeblock-literate-haskell.json {"fileOperationResult":1,"options":{"preferUnbuffered":true}}
[2022-09-25 11:13:43.880] [renderer1] [error] Unable to load and parse grammar for scope markdown.cabal.codeblock from file:///home/tkemberli/.vscode-oss/extensions/justusadam.language-haskell-3.6.0/syntaxes/codeblock-cabal.json {"fileOperationResult":1,"options":{"preferUnbuffered":true}}
[2022-09-25 11:16:31.256] [renderer1] [warning] [backup tracker] suspended, ignoring dirty change event file:///home/tkemberli/.config/xmonad/xmonad.hs 
[2022-09-25 11:16:33.600] [renderer1] [error] Unable to load and parse grammar for scope source.haskell from file:///home/tkemberli/.vscode-oss/extensions/justusadam.language-haskell-3.6.0/syntaxes/haskell.json {"fileOperationResult":1,"options":{"preferUnbuffered":true}}
[2022-09-25 11:16:33.880] [renderer1] [error] [Extension Host] (node:44179) [DEP0005] DeprecationWarning: Buffer() is deprecated due to security and usability issues. Please use the Buffer.alloc(), Buffer.allocUnsafe(), or Buffer.from() methods instead.
(Use `electron --trace-deprecation ...` to show where the warning was created)
[2022-09-25 11:17:12.028] [renderer1] [error] [Extension Host] (node:45331) [DEP0005] DeprecationWarning: Buffer() is deprecated due to security and usability issues. Please use the Buffer.alloc(), Buffer.allocUnsafe(), or Buffer.from() methods instead.
(Use `electron --trace-deprecation ...` to show where the warning was created)
[2022-09-25 11:17:22.309] [renderer1] [error] Unable to load and parse grammar for scope source.sql from file:///home/tkemberli/.vscode-oss/extensions/mtxr.sqltools-0.24.0/language/sql.tmLanguage.json {"fileOperationResult":1,"options":{"preferUnbuffered":true}}
[2022-09-25 11:17:22.309] [renderer1] [error] Unable to load and parse grammar for scope markdown.haskell.codeblock from file:///home/tkemberli/.vscode-oss/extensions/justusadam.language-haskell-3.6.0/syntaxes/codeblock-haskell.json {"fileOperationResult":1,"options":{"preferUnbuffered":true}}
[2022-09-25 11:17:22.314] [renderer1] [error] Unable to load and parse grammar for scope markdown.lhaskell.codeblock from file:///home/tkemberli/.vscode-oss/extensions/justusadam.language-haskell-3.6.0/syntaxes/codeblock-literate-haskell.json {"fileOperationResult":1,"options":{"preferUnbuffered":true}}
[2022-09-25 11:17:22.314] [renderer1] [error] Unable to load and parse grammar for scope markdown.cabal.codeblock from file:///home/tkemberli/.vscode-oss/extensions/justusadam.language-haskell-3.6.0/syntaxes/codeblock-cabal.json {"fileOperationResult":1,"options":{"preferUnbuffered":true}}
[2022-09-25 11:17:22.375] [renderer1] [error] Unable to load and parse grammar for scope source.haskell from file:///home/tkemberli/.vscode-oss/extensions/justusadam.language-haskell-3.6.0/syntaxes/haskell.json {"fileOperationResult":1,"options":{"preferUnbuffered":true}}
