[1664122039177] INFO  (ext): SQLTools is starting
[1664122039190] INFO  (ext): initializing language client...
[1664122039191] INFO  (ext): Registering client for languages [{"scheme":"sqltools"},{"language":"sql","scheme":"untitled"},{"language":"sql","scheme":"file"},{"language":"sql","scheme":"sqltools"}]
    ns: "lc"
[1664122039194] INFO  (ext): loading plugins...
[1664122039195] INFO  (ext): registering Formatter Plugin.
    plugin: {
      "name": "Formatter Plugin"
    }
[1664122039195] INFO  (ext): registering Connection Manager Plugin.
    plugin: {
      "name": "Connection Manager Plugin"
    }
[1664122039195] INFO  (ext): registering CodeLens Plugin.
    plugin: {
      "name": "CodeLens Plugin",
      "registeredLanguages": []
    }
[1664122039196] INFO  (ext): registering Dependency Manager Plugin.
    plugin: {
      "name": "Dependency Manager Plugin",
      "installingDrivers": []
    }
[1664122039197] INFO  (ext): Connection explorer changed. Will be updated.
    ns: "conn-man:explorer"
[1664122039197] INFO  (ext): registering History Manager Plugin.
    plugin: {
      "name": "History Manager Plugin"
    }
[1664122039198] INFO  (ext): registering Bookmarks Manager Plugin.
    plugin: {
      "name": "Bookmarks Manager Plugin"
    }
[1664122039210] INFO  (ext): SQLTools activation completed. 32.525067 ms
[1664122039215] INFO  (ext): Formatter Plugin registered!
[1664122039215] INFO  (ext): CodeLens Plugin registered!
[1664122039215] INFO  (ext): Dependency Manager Plugin registered!
[1664122039215] INFO  (ext): Connection Manager Plugin registered!
[1664122039216] INFO  (ext): History Manager Plugin registered!
[1664122039216] INFO  (ext): Bookmarks Manager Plugin registered!
[1664122039355] INFO  (ext): registering MySQL/MariaDB Plugin (driver).
    plugin: {
      "extensionId": "mtxr.sqltools-driver-mysql",
      "name": "MySQL/MariaDB Plugin",
      "type": "driver"
    }
[1664122039355] INFO  (ext): registering PostgreSQL/Redshift Plugin (driver).
    plugin: {
      "extensionId": "mtxr.sqltools-driver-pg",
      "name": "PostgreSQL/Redshift Plugin",
      "type": "driver"
    }
[1664122039473] INFO  (ls): SQLTools Server started!
===============================
Using node runtime?: no
ExecPath: /usr/lib/electron19/electron 
===============================
[1664122039481] INFO  (ls): Telemetry enabled!
    ns: "telemetry"
[1664122039484] INFO  (ext): LanguageClient ready
    ns: "lc"
[1664122039486] INFO  (ls): REQUEST RECEIVED => ls/RegisterPlugin
[1664122039486] INFO  (ls): request to register plugin: "/home/tkemberli/.vscode-oss/extensions/mtxr.sqltools-driver-mysql-0.2.0/out/ls/plugin.js"
[1664122039646] INFO  (ls): Driver mysql registered!
    place: "driver-map"
    ns: "ls-context"
[1664122039646] INFO  (ls): Driver mariadb registered!
    place: "driver-map"
    ns: "ls-context"
[1664122039647] INFO  (ext): MySQL/MariaDB Plugin (driver) registered!
[1664122039647] INFO  (ls): REQUEST RECEIVED => ls/RegisterPlugin
[1664122039647] INFO  (ls): request to register plugin: "/home/tkemberli/.vscode-oss/extensions/mtxr.sqltools-driver-pg-0.2.0/out/ls/plugin.js"
[1664122039711] INFO  (ls): Driver postgresql registered!
    place: "driver-map"
    ns: "ls-context"
[1664122039711] INFO  (ls): Driver aws redshift registered!
    place: "driver-map"
    ns: "ls-context"
[1664122039715] INFO  (ext): PostgreSQL/Redshift Plugin (driver) registered!
[1664122040716] INFO  (ext): EXECUTING COMMAND => sqltools.refreshTree
[1664122040717] INFO  (ext): Connection explorer changed. Will be updated.
    ns: "conn-man:explorer"
[1664122041198] INFO  (ext): Connection explorer changed. Will be updated.
    ns: "conn-man:explorer"
