[1664115393839] INFO  (ext): SQLTools is starting
[1664115393841] INFO  (ext): initializing language client...
[1664115393842] INFO  (ext): Registering client for languages [{"scheme":"sqltools"},{"language":"sql","scheme":"untitled"},{"language":"sql","scheme":"file"},{"language":"sql","scheme":"sqltools"}]
    ns: "lc"
[1664115393845] INFO  (ext): loading plugins...
[1664115393845] INFO  (ext): registering Formatter Plugin.
    plugin: {
      "name": "Formatter Plugin"
    }
[1664115393846] INFO  (ext): registering Connection Manager Plugin.
    plugin: {
      "name": "Connection Manager Plugin"
    }
[1664115393846] INFO  (ext): registering CodeLens Plugin.
    plugin: {
      "name": "CodeLens Plugin",
      "registeredLanguages": []
    }
[1664115393846] INFO  (ext): registering Dependency Manager Plugin.
    plugin: {
      "name": "Dependency Manager Plugin",
      "installingDrivers": []
    }
[1664115393848] INFO  (ext): Connection explorer changed. Will be updated.
    ns: "conn-man:explorer"
[1664115393848] INFO  (ext): registering History Manager Plugin.
    plugin: {
      "name": "History Manager Plugin"
    }
[1664115393848] INFO  (ext): registering Bookmarks Manager Plugin.
    plugin: {
      "name": "Bookmarks Manager Plugin"
    }
[1664115393849] INFO  (ext): SQLTools activation completed. 10.045562 ms
[1664115393849] INFO  (ext): Formatter Plugin registered!
[1664115393849] INFO  (ext): CodeLens Plugin registered!
[1664115393849] INFO  (ext): Dependency Manager Plugin registered!
[1664115393849] INFO  (ext): Connection Manager Plugin registered!
[1664115393849] INFO  (ext): History Manager Plugin registered!
[1664115393850] INFO  (ext): Bookmarks Manager Plugin registered!
[1664115393954] INFO  (ext): registering MySQL/MariaDB Plugin (driver).
    plugin: {
      "extensionId": "mtxr.sqltools-driver-mysql",
      "name": "MySQL/MariaDB Plugin",
      "type": "driver"
    }
[1664115393955] INFO  (ext): registering PostgreSQL/Redshift Plugin (driver).
    plugin: {
      "extensionId": "mtxr.sqltools-driver-pg",
      "name": "PostgreSQL/Redshift Plugin",
      "type": "driver"
    }
[1664115394091] INFO  (ls): SQLTools Server started!
===============================
Using node runtime?: no
ExecPath: /usr/lib/electron19/electron 
===============================
[1664115394098] INFO  (ls): Telemetry enabled!
    ns: "telemetry"
[1664115394105] INFO  (ext): LanguageClient ready
    ns: "lc"
[1664115394107] INFO  (ls): REQUEST RECEIVED => ls/RegisterPlugin
[1664115394107] INFO  (ls): request to register plugin: "/home/tkemberli/.vscode-oss/extensions/mtxr.sqltools-driver-mysql-0.2.0/out/ls/plugin.js"
[1664115394239] INFO  (ls): Driver mysql registered!
    place: "driver-map"
    ns: "ls-context"
[1664115394240] INFO  (ls): Driver mariadb registered!
    place: "driver-map"
    ns: "ls-context"
[1664115394240] INFO  (ext): MySQL/MariaDB Plugin (driver) registered!
[1664115394240] INFO  (ls): REQUEST RECEIVED => ls/RegisterPlugin
[1664115394240] INFO  (ls): request to register plugin: "/home/tkemberli/.vscode-oss/extensions/mtxr.sqltools-driver-pg-0.2.0/out/ls/plugin.js"
[1664115394284] INFO  (ls): Driver postgresql registered!
    place: "driver-map"
    ns: "ls-context"
[1664115394284] INFO  (ls): Driver aws redshift registered!
    place: "driver-map"
    ns: "ls-context"
[1664115394285] INFO  (ext): PostgreSQL/Redshift Plugin (driver) registered!
[1664115395286] INFO  (ext): EXECUTING COMMAND => sqltools.refreshTree
[1664115395286] INFO  (ext): Connection explorer changed. Will be updated.
    ns: "conn-man:explorer"
[1664115395849] INFO  (ext): Connection explorer changed. Will be updated.
    ns: "conn-man:explorer"
[1664115403174] INFO  (ext): Connection explorer changed. Will be updated.
    ns: "conn-man:explorer"
[1664115403174] INFO  (ext): Connection explorer changed. Will be updated.
    ns: "conn-man:explorer"
