[2022-09-25T14:16:33.942Z] Log level: Info
[2022-09-25T14:16:33.944Z] [info] Validating found git in: git
[2022-09-25T14:16:33.967Z] [info] Using git 2.37.3 from git
[2022-09-25T14:16:33.983Z] > git rev-parse --show-toplevel [3ms]
[2022-09-25T14:16:33.983Z] fatal: not a git repository (or any parent up to mount point /)
Stopping at filesystem boundary (GIT_DISCOVERY_ACROSS_FILESYSTEM not set).
[2022-09-25T14:16:33.991Z] > git rev-parse --show-toplevel [1ms]
[2022-09-25T14:16:33.991Z] fatal: not a git repository (or any parent up to mount point /)
Stopping at filesystem boundary (GIT_DISCOVERY_ACROSS_FILESYSTEM not set).
[2022-09-25T14:16:34.000Z] > git rev-parse --show-toplevel [2ms]
[2022-09-25T14:16:34.000Z] fatal: not a git repository (or any parent up to mount point /)
Stopping at filesystem boundary (GIT_DISCOVERY_ACROSS_FILESYSTEM not set).
[2022-09-25T14:16:34.006Z] > git rev-parse --show-toplevel [1ms]
[2022-09-25T14:16:34.006Z] fatal: not a git repository (or any parent up to mount point /)
Stopping at filesystem boundary (GIT_DISCOVERY_ACROSS_FILESYSTEM not set).
[2022-09-25T14:16:34.014Z] > git rev-parse --show-toplevel [2ms]
[2022-09-25T14:16:34.014Z] fatal: not a git repository (or any parent up to mount point /)
Stopping at filesystem boundary (GIT_DISCOVERY_ACROSS_FILESYSTEM not set).
[2022-09-25T14:16:34.033Z] > git rev-parse --show-toplevel [13ms]
[2022-09-25T14:16:34.033Z] fatal: not a git repository (or any parent up to mount point /)
Stopping at filesystem boundary (GIT_DISCOVERY_ACROSS_FILESYSTEM not set).
[2022-09-25T14:16:34.046Z] > git rev-parse --show-toplevel [6ms]
[2022-09-25T14:16:34.046Z] fatal: not a git repository (or any parent up to mount point /)
Stopping at filesystem boundary (GIT_DISCOVERY_ACROSS_FILESYSTEM not set).
[2022-09-25T14:16:34.053Z] > git rev-parse --show-toplevel [2ms]
[2022-09-25T14:16:34.053Z] fatal: not a git repository (or any parent up to mount point /)
Stopping at filesystem boundary (GIT_DISCOVERY_ACROSS_FILESYSTEM not set).
[2022-09-25T14:16:34.061Z] > git rev-parse --show-toplevel [2ms]
[2022-09-25T14:16:34.061Z] fatal: not a git repository (or any parent up to mount point /)
Stopping at filesystem boundary (GIT_DISCOVERY_ACROSS_FILESYSTEM not set).
[2022-09-25T14:16:34.067Z] > git rev-parse --show-toplevel [1ms]
[2022-09-25T14:16:34.067Z] fatal: not a git repository (or any parent up to mount point /)
Stopping at filesystem boundary (GIT_DISCOVERY_ACROSS_FILESYSTEM not set).
[2022-09-25T14:16:34.079Z] > git rev-parse --show-toplevel [5ms]
[2022-09-25T14:16:34.079Z] fatal: not a git repository (or any parent up to mount point /)
Stopping at filesystem boundary (GIT_DISCOVERY_ACROSS_FILESYSTEM not set).
[2022-09-25T14:16:34.089Z] > git rev-parse --show-toplevel [0ms]
[2022-09-25T14:16:34.089Z] fatal: not a git repository (or any parent up to mount point /)
Stopping at filesystem boundary (GIT_DISCOVERY_ACROSS_FILESYSTEM not set).
[2022-09-25T14:16:34.096Z] > git rev-parse --show-toplevel [1ms]
[2022-09-25T14:16:34.096Z] fatal: not a git repository (or any parent up to mount point /)
Stopping at filesystem boundary (GIT_DISCOVERY_ACROSS_FILESYSTEM not set).
[2022-09-25T14:16:34.105Z] > git rev-parse --show-toplevel [4ms]
[2022-09-25T14:16:34.105Z] fatal: not a git repository (or any parent up to mount point /)
Stopping at filesystem boundary (GIT_DISCOVERY_ACROSS_FILESYSTEM not set).
[2022-09-25T14:16:34.111Z] > git rev-parse --show-toplevel [1ms]
[2022-09-25T14:16:34.111Z] fatal: not a git repository (or any parent up to mount point /)
Stopping at filesystem boundary (GIT_DISCOVERY_ACROSS_FILESYSTEM not set).
[2022-09-25T14:16:34.116Z] > git rev-parse --show-toplevel [1ms]
[2022-09-25T14:16:34.116Z] fatal: not a git repository (or any parent up to mount point /)
Stopping at filesystem boundary (GIT_DISCOVERY_ACROSS_FILESYSTEM not set).
[2022-09-25T14:16:34.123Z] > git rev-parse --show-toplevel [1ms]
[2022-09-25T14:16:34.123Z] fatal: not a git repository (or any parent up to mount point /)
Stopping at filesystem boundary (GIT_DISCOVERY_ACROSS_FILESYSTEM not set).
[2022-09-25T14:16:34.128Z] > git rev-parse --show-toplevel [0ms]
[2022-09-25T14:16:34.128Z] fatal: not a git repository (or any parent up to mount point /)
Stopping at filesystem boundary (GIT_DISCOVERY_ACROSS_FILESYSTEM not set).
[2022-09-25T14:16:34.133Z] > git rev-parse --show-toplevel [1ms]
[2022-09-25T14:16:34.133Z] fatal: not a git repository (or any parent up to mount point /)
Stopping at filesystem boundary (GIT_DISCOVERY_ACROSS_FILESYSTEM not set).
[2022-09-25T14:16:34.139Z] > git rev-parse --show-toplevel [1ms]
[2022-09-25T14:16:34.139Z] fatal: not a git repository (or any parent up to mount point /)
Stopping at filesystem boundary (GIT_DISCOVERY_ACROSS_FILESYSTEM not set).
