[1664115097919] INFO  (ext): SQLTools is starting
[1664115097921] INFO  (ext): initializing language client...
[1664115097923] INFO  (ext): Registering client for languages [{"scheme":"sqltools"},{"language":"sql","scheme":"untitled"},{"language":"sql","scheme":"file"},{"language":"sql","scheme":"sqltools"}]
    ns: "lc"
[1664115097925] INFO  (ext): loading plugins...
[1664115097925] INFO  (ext): registering Formatter Plugin.
    plugin: {
      "name": "Formatter Plugin"
    }
[1664115097926] INFO  (ext): registering Connection Manager Plugin.
    plugin: {
      "name": "Connection Manager Plugin"
    }
[1664115097926] INFO  (ext): registering CodeLens Plugin.
    plugin: {
      "name": "CodeLens Plugin",
      "registeredLanguages": []
    }
[1664115097926] INFO  (ext): registering Dependency Manager Plugin.
    plugin: {
      "name": "Dependency Manager Plugin",
      "installingDrivers": []
    }
[1664115097927] INFO  (ext): Connection explorer changed. Will be updated.
    ns: "conn-man:explorer"
[1664115097928] INFO  (ext): registering History Manager Plugin.
    plugin: {
      "name": "History Manager Plugin"
    }
[1664115097928] INFO  (ext): registering Bookmarks Manager Plugin.
    plugin: {
      "name": "Bookmarks Manager Plugin"
    }
[1664115097929] INFO  (ext): SQLTools activation completed. 9.548831 ms
[1664115097929] INFO  (ext): Formatter Plugin registered!
[1664115097929] INFO  (ext): CodeLens Plugin registered!
[1664115097929] INFO  (ext): Dependency Manager Plugin registered!
[1664115097929] INFO  (ext): Connection Manager Plugin registered!
[1664115097929] INFO  (ext): History Manager Plugin registered!
[1664115097929] INFO  (ext): Bookmarks Manager Plugin registered!
[1664115097992] INFO  (ext): registering MySQL/MariaDB Plugin (driver).
    plugin: {
      "extensionId": "mtxr.sqltools-driver-mysql",
      "name": "MySQL/MariaDB Plugin",
      "type": "driver"
    }
[1664115097993] INFO  (ext): registering PostgreSQL/Redshift Plugin (driver).
    plugin: {
      "extensionId": "mtxr.sqltools-driver-pg",
      "name": "PostgreSQL/Redshift Plugin",
      "type": "driver"
    }
[1664115098188] INFO  (ls): SQLTools Server started!
===============================
Using node runtime?: no
ExecPath: /usr/lib/electron19/electron 
===============================
[1664115098194] INFO  (ls): Telemetry enabled!
    ns: "telemetry"
[1664115098198] INFO  (ext): LanguageClient ready
    ns: "lc"
[1664115098201] INFO  (ls): REQUEST RECEIVED => ls/RegisterPlugin
[1664115098201] INFO  (ls): request to register plugin: "/home/tkemberli/.vscode-oss/extensions/mtxr.sqltools-driver-mysql-0.2.0/out/ls/plugin.js"
[1664115098331] INFO  (ls): Driver mysql registered!
    place: "driver-map"
    ns: "ls-context"
[1664115098331] INFO  (ls): Driver mariadb registered!
    place: "driver-map"
    ns: "ls-context"
[1664115098331] INFO  (ls): REQUEST RECEIVED => ls/RegisterPlugin
[1664115098332] INFO  (ext): MySQL/MariaDB Plugin (driver) registered!
[1664115098331] INFO  (ls): request to register plugin: "/home/tkemberli/.vscode-oss/extensions/mtxr.sqltools-driver-pg-0.2.0/out/ls/plugin.js"
[1664115098374] INFO  (ls): Driver postgresql registered!
    place: "driver-map"
    ns: "ls-context"
[1664115098375] INFO  (ls): Driver aws redshift registered!
    place: "driver-map"
    ns: "ls-context"
[1664115098375] INFO  (ext): PostgreSQL/Redshift Plugin (driver) registered!
[1664115099377] INFO  (ext): EXECUTING COMMAND => sqltools.refreshTree
[1664115099377] INFO  (ext): Connection explorer changed. Will be updated.
    ns: "conn-man:explorer"
[1664115099928] INFO  (ext): Connection explorer changed. Will be updated.
    ns: "conn-man:explorer"
[1664115106912] INFO  (ext): Connection explorer changed. Will be updated.
    ns: "conn-man:explorer"
[1664115107984] INFO  (ext): Connection explorer changed. Will be updated.
    ns: "conn-man:explorer"
[1664115107984] INFO  (ext): Connection explorer changed. Will be updated.
    ns: "conn-man:explorer"
[1664115115204] INFO  (ext): Connection explorer changed. Will be updated.
    ns: "conn-man:explorer"
[1664115120732] INFO  (ext): Connection explorer changed. Will be updated.
    ns: "conn-man:explorer"
[1664115120732] INFO  (ext): Connection explorer changed. Will be updated.
    ns: "conn-man:explorer"
[1664115127831] INFO  (ext): Connection explorer changed. Will be updated.
    ns: "conn-man:explorer"
[1664115127832] INFO  (ext): Connection explorer changed. Will be updated.
    ns: "conn-man:explorer"
[1664115135968] INFO  (ext): Connection explorer changed. Will be updated.
    ns: "conn-man:explorer"
[1664115135968] INFO  (ext): Connection explorer changed. Will be updated.
    ns: "conn-man:explorer"
[1664115223788] INFO  (ext): Connection explorer changed. Will be updated.
    ns: "conn-man:explorer"
