[1664127726505] INFO  (ext): SQLTools is starting
[1664127726508] INFO  (ext): initializing language client...
[1664127726509] INFO  (ext): Registering client for languages [{"scheme":"sqltools"},{"language":"sql","scheme":"untitled"},{"language":"sql","scheme":"file"},{"language":"sql","scheme":"sqltools"}]
    ns: "lc"
[1664127726513] INFO  (ext): loading plugins...
[1664127726513] INFO  (ext): registering Formatter Plugin.
    plugin: {
      "name": "Formatter Plugin"
    }
[1664127726514] INFO  (ext): registering Connection Manager Plugin.
    plugin: {
      "name": "Connection Manager Plugin"
    }
[1664127726514] INFO  (ext): registering CodeLens Plugin.
    plugin: {
      "name": "CodeLens Plugin",
      "registeredLanguages": []
    }
[1664127726515] INFO  (ext): registering Dependency Manager Plugin.
    plugin: {
      "name": "Dependency Manager Plugin",
      "installingDrivers": []
    }
[1664127726517] INFO  (ext): Connection explorer changed. Will be updated.
    ns: "conn-man:explorer"
[1664127726518] INFO  (ext): registering History Manager Plugin.
    plugin: {
      "name": "History Manager Plugin"
    }
[1664127726519] INFO  (ext): registering Bookmarks Manager Plugin.
    plugin: {
      "name": "Bookmarks Manager Plugin"
    }
[1664127726520] INFO  (ext): SQLTools activation completed. 14.748294 ms
[1664127726527] INFO  (ext): Formatter Plugin registered!
[1664127726527] INFO  (ext): CodeLens Plugin registered!
[1664127726528] INFO  (ext): Dependency Manager Plugin registered!
[1664127726528] INFO  (ext): Connection Manager Plugin registered!
[1664127726528] INFO  (ext): History Manager Plugin registered!
[1664127726528] INFO  (ext): Bookmarks Manager Plugin registered!
[1664127726587] INFO  (ext): registering MySQL/MariaDB Plugin (driver).
    plugin: {
      "extensionId": "mtxr.sqltools-driver-mysql",
      "name": "MySQL/MariaDB Plugin",
      "type": "driver"
    }
[1664127726588] INFO  (ext): registering PostgreSQL/Redshift Plugin (driver).
    plugin: {
      "extensionId": "mtxr.sqltools-driver-pg",
      "name": "PostgreSQL/Redshift Plugin",
      "type": "driver"
    }
[1664127726779] INFO  (ls): SQLTools Server started!
===============================
Using node runtime?: no
ExecPath: /usr/lib/electron19/electron 
===============================
[1664127726785] INFO  (ls): Telemetry enabled!
    ns: "telemetry"
[1664127726788] INFO  (ext): LanguageClient ready
    ns: "lc"
[1664127726791] INFO  (ls): REQUEST RECEIVED => ls/RegisterPlugin
[1664127726791] INFO  (ls): request to register plugin: "/home/tkemberli/.vscode-oss/extensions/mtxr.sqltools-driver-mysql-0.2.0/out/ls/plugin.js"
[1664127726934] INFO  (ls): Driver mysql registered!
    place: "driver-map"
    ns: "ls-context"
[1664127726935] INFO  (ls): Driver mariadb registered!
    place: "driver-map"
    ns: "ls-context"
[1664127726935] INFO  (ls): REQUEST RECEIVED => ls/RegisterPlugin
[1664127726935] INFO  (ext): MySQL/MariaDB Plugin (driver) registered!
[1664127726935] INFO  (ls): request to register plugin: "/home/tkemberli/.vscode-oss/extensions/mtxr.sqltools-driver-pg-0.2.0/out/ls/plugin.js"
[1664127726979] INFO  (ls): Driver postgresql registered!
    place: "driver-map"
    ns: "ls-context"
[1664127726979] INFO  (ls): Driver aws redshift registered!
    place: "driver-map"
    ns: "ls-context"
[1664127726980] INFO  (ext): PostgreSQL/Redshift Plugin (driver) registered!
[1664127727980] INFO  (ext): EXECUTING COMMAND => sqltools.refreshTree
[1664127727980] INFO  (ext): Connection explorer changed. Will be updated.
    ns: "conn-man:explorer"
[1664127728518] INFO  (ext): Connection explorer changed. Will be updated.
    ns: "conn-man:explorer"
[1664127788555] INFO  (ext): Connection explorer changed. Will be updated.
    ns: "conn-man:explorer"
[1664127789695] INFO  (ext): Connection explorer changed. Will be updated.
    ns: "conn-man:explorer"
[1664127789696] INFO  (ext): Connection explorer changed. Will be updated.
    ns: "conn-man:explorer"
[1664130753417] INFO  (ext): Connection explorer changed. Will be updated.
    ns: "conn-man:explorer"
[1664131391201] INFO  (ext): Connection explorer changed. Will be updated.
    ns: "conn-man:explorer"
[1664131405155] INFO  (ext): Connection explorer changed. Will be updated.
    ns: "conn-man:explorer"
[1664131795650] INFO  (ext): Connection explorer changed. Will be updated.
    ns: "conn-man:explorer"
