[2022-09-25T17:42:06.581Z] Log level: Info
[2022-09-25T17:42:06.582Z] [info] Validating found git in: git
[2022-09-25T17:42:06.594Z] [info] Using git 2.37.3 from git
[2022-09-25T17:42:06.607Z] > git rev-parse --show-toplevel [3ms]
[2022-09-25T17:42:06.607Z] fatal: not a git repository (or any parent up to mount point /)
Stopping at filesystem boundary (GIT_DISCOVERY_ACROSS_FILESYSTEM not set).
[2022-09-25T17:43:08.565Z] > git rev-parse --show-toplevel [1ms]
[2022-09-25T17:43:08.566Z] fatal: not a git repository (or any parent up to mount point /)
Stopping at filesystem boundary (GIT_DISCOVERY_ACROSS_FILESYSTEM not set).
[2022-09-25T17:43:20.330Z] > git rev-parse --show-toplevel [3ms]
[2022-09-25T17:43:20.330Z] fatal: not a git repository (or any parent up to mount point /)
Stopping at filesystem boundary (GIT_DISCOVERY_ACROSS_FILESYSTEM not set).
[2022-09-25T17:57:43.722Z] > git rev-parse --show-toplevel [2ms]
[2022-09-25T17:57:43.722Z] fatal: not a git repository (or any parent up to mount point /)
Stopping at filesystem boundary (GIT_DISCOVERY_ACROSS_FILESYSTEM not set).
[2022-09-25T18:06:09.270Z] > git rev-parse --show-toplevel [1ms]
[2022-09-25T18:06:09.271Z] fatal: not a git repository (or any parent up to mount point /)
Stopping at filesystem boundary (GIT_DISCOVERY_ACROSS_FILESYSTEM not set).
[2022-09-25T18:06:18.854Z] > git rev-parse --show-toplevel [1ms]
[2022-09-25T18:06:18.854Z] fatal: not a git repository (or any parent up to mount point /)
Stopping at filesystem boundary (GIT_DISCOVERY_ACROSS_FILESYSTEM not set).
[2022-09-25T18:06:26.143Z] > git rev-parse --show-toplevel [1ms]
[2022-09-25T18:06:26.143Z] fatal: not a git repository (or any parent up to mount point /)
Stopping at filesystem boundary (GIT_DISCOVERY_ACROSS_FILESYSTEM not set).
[2022-09-25T18:06:26.871Z] > git rev-parse --show-toplevel [1ms]
[2022-09-25T18:06:26.871Z] fatal: not a git repository (or any parent up to mount point /)
Stopping at filesystem boundary (GIT_DISCOVERY_ACROSS_FILESYSTEM not set).
[2022-09-25T18:07:15.401Z] > git rev-parse --show-toplevel [2ms]
[2022-09-25T18:07:15.401Z] fatal: not a git repository (or any parent up to mount point /)
Stopping at filesystem boundary (GIT_DISCOVERY_ACROSS_FILESYSTEM not set).
[2022-09-25T18:17:45.449Z] > git rev-parse --show-toplevel [2ms]
[2022-09-25T18:17:45.449Z] fatal: not a git repository (or any parent up to mount point /)
Stopping at filesystem boundary (GIT_DISCOVERY_ACROSS_FILESYSTEM not set).
[2022-09-25T18:19:22.315Z] > git rev-parse --show-toplevel [1ms]
[2022-09-25T18:19:22.315Z] fatal: not a git repository (or any parent up to mount point /)
Stopping at filesystem boundary (GIT_DISCOVERY_ACROSS_FILESYSTEM not set).
[2022-09-25T18:25:41.895Z] > git rev-parse --show-toplevel [2ms]
[2022-09-25T18:25:41.895Z] fatal: not a git repository (or any parent up to mount point /)
Stopping at filesystem boundary (GIT_DISCOVERY_ACROSS_FILESYSTEM not set).
[2022-09-25T18:27:26.070Z] > git rev-parse --show-toplevel [1ms]
[2022-09-25T18:27:26.070Z] fatal: not a git repository (or any parent up to mount point /)
Stopping at filesystem boundary (GIT_DISCOVERY_ACROSS_FILESYSTEM not set).
[2022-09-25T18:27:54.154Z] > git rev-parse --show-toplevel [4ms]
[2022-09-25T18:27:54.154Z] fatal: not a git repository (or any parent up to mount point /)
Stopping at filesystem boundary (GIT_DISCOVERY_ACROSS_FILESYSTEM not set).
[2022-09-25T18:28:20.563Z] > git rev-parse --show-toplevel [2ms]
[2022-09-25T18:28:20.563Z] fatal: not a git repository (or any parent up to mount point /)
Stopping at filesystem boundary (GIT_DISCOVERY_ACROSS_FILESYSTEM not set).
[2022-09-25T18:28:53.735Z] > git rev-parse --show-toplevel [2ms]
[2022-09-25T18:28:53.735Z] fatal: not a git repository (or any parent up to mount point /)
Stopping at filesystem boundary (GIT_DISCOVERY_ACROSS_FILESYSTEM not set).
[2022-09-25T18:30:24.126Z] > git rev-parse --show-toplevel [1ms]
[2022-09-25T18:30:24.126Z] fatal: not a git repository (or any parent up to mount point /)
Stopping at filesystem boundary (GIT_DISCOVERY_ACROSS_FILESYSTEM not set).
[2022-09-25T18:32:33.426Z] > git rev-parse --show-toplevel [1ms]
[2022-09-25T18:32:33.426Z] fatal: not a git repository (or any parent up to mount point /)
Stopping at filesystem boundary (GIT_DISCOVERY_ACROSS_FILESYSTEM not set).
[2022-09-25T18:32:46.744Z] > git rev-parse --show-toplevel [1ms]
[2022-09-25T18:32:46.744Z] fatal: not a git repository (or any parent up to mount point /)
Stopping at filesystem boundary (GIT_DISCOVERY_ACROSS_FILESYSTEM not set).
[2022-09-25T18:32:48.515Z] > git rev-parse --show-toplevel [2ms]
[2022-09-25T18:32:48.515Z] fatal: not a git repository (or any parent up to mount point /)
Stopping at filesystem boundary (GIT_DISCOVERY_ACROSS_FILESYSTEM not set).
[2022-09-25T18:33:56.046Z] > git rev-parse --show-toplevel [1ms]
[2022-09-25T18:33:56.046Z] fatal: not a git repository (or any parent up to mount point /)
Stopping at filesystem boundary (GIT_DISCOVERY_ACROSS_FILESYSTEM not set).
[2022-09-25T18:34:49.959Z] > git rev-parse --show-toplevel [0ms]
[2022-09-25T18:34:49.959Z] fatal: not a git repository (or any parent up to mount point /)
Stopping at filesystem boundary (GIT_DISCOVERY_ACROSS_FILESYSTEM not set).
[2022-09-25T18:34:51.641Z] > git rev-parse --show-toplevel [1ms]
[2022-09-25T18:34:51.641Z] fatal: not a git repository (or any parent up to mount point /)
Stopping at filesystem boundary (GIT_DISCOVERY_ACROSS_FILESYSTEM not set).
[2022-09-25T18:34:56.662Z] > git rev-parse --show-toplevel [3ms]
[2022-09-25T18:34:56.662Z] fatal: not a git repository (or any parent up to mount point /)
Stopping at filesystem boundary (GIT_DISCOVERY_ACROSS_FILESYSTEM not set).
[2022-09-25T18:36:05.665Z] > git rev-parse --show-toplevel [2ms]
[2022-09-25T18:36:05.665Z] fatal: not a git repository (or any parent up to mount point /)
Stopping at filesystem boundary (GIT_DISCOVERY_ACROSS_FILESYSTEM not set).
[2022-09-25T18:36:25.015Z] > git rev-parse --show-toplevel [3ms]
[2022-09-25T18:36:25.015Z] fatal: not a git repository (or any parent up to mount point /)
Stopping at filesystem boundary (GIT_DISCOVERY_ACROSS_FILESYSTEM not set).
[2022-09-25T18:36:25.639Z] > git rev-parse --show-toplevel [1ms]
[2022-09-25T18:36:25.639Z] fatal: not a git repository (or any parent up to mount point /)
Stopping at filesystem boundary (GIT_DISCOVERY_ACROSS_FILESYSTEM not set).
[2022-09-25T18:43:11.210Z] > git rev-parse --show-toplevel [2ms]
[2022-09-25T18:43:11.210Z] fatal: not a git repository (or any parent up to mount point /)
Stopping at filesystem boundary (GIT_DISCOVERY_ACROSS_FILESYSTEM not set).
[2022-09-25T18:43:22.840Z] > git rev-parse --show-toplevel [2ms]
[2022-09-25T18:43:22.840Z] fatal: not a git repository (or any parent up to mount point /)
Stopping at filesystem boundary (GIT_DISCOVERY_ACROSS_FILESYSTEM not set).
[2022-09-25T18:43:25.162Z] > git rev-parse --show-toplevel [1ms]
[2022-09-25T18:43:25.162Z] fatal: not a git repository (or any parent up to mount point /)
Stopping at filesystem boundary (GIT_DISCOVERY_ACROSS_FILESYSTEM not set).
[2022-09-25T18:43:35.286Z] > git rev-parse --show-toplevel [1ms]
[2022-09-25T18:43:35.286Z] fatal: not a git repository (or any parent up to mount point /)
Stopping at filesystem boundary (GIT_DISCOVERY_ACROSS_FILESYSTEM not set).
[2022-09-25T18:49:55.657Z] > git rev-parse --show-toplevel [1ms]
[2022-09-25T18:49:55.657Z] fatal: not a git repository (or any parent up to mount point /)
Stopping at filesystem boundary (GIT_DISCOVERY_ACROSS_FILESYSTEM not set).
[2022-09-25T18:50:04.448Z] > git rev-parse --show-toplevel [3ms]
[2022-09-25T18:50:04.448Z] fatal: not a git repository (or any parent up to mount point /)
Stopping at filesystem boundary (GIT_DISCOVERY_ACROSS_FILESYSTEM not set).
