[2022-09-25 11:06:38.422] [exthost] [info] Extension host with pid 26284 started
[2022-09-25 11:06:38.474] [exthost] [info] ExtensionService#_doActivateExtension justusadam.language-haskell, startup: false, activationEvent: 'onLanguage:haskell', root cause: haskell.haskell
[2022-09-25 11:06:38.475] [exthost] [info] ExtensionService#_doActivateExtension vscode.debug-auto-launch, startup: true, activationEvent: '*'
[2022-09-25 11:06:38.477] [exthost] [info] ExtensionService#_doActivateExtension vscode.git-base, startup: true, activationEvent: '*', root cause: vscode.git
[2022-09-25 11:06:38.479] [exthost] [info] ExtensionService#_doActivateExtension vscode.ipynb, startup: true, activationEvent: '*'
[2022-09-25 11:06:38.481] [exthost] [info] ExtensionService#_doActivateExtension mtxr.sqltools, startup: true, activationEvent: '*'
[2022-09-25 11:06:38.505] [exthost] [error] Activating extension justusadam.language-haskell failed due to an error:
[2022-09-25 11:06:38.505] [exthost] [error] Error: Cannot find module '/home/tkemberli/.vscode-oss/extensions/justusadam.language-haskell-3.6.0/out/src/extension'
Require stack:
- /usr/lib/code/out/vs/loader.js
- /usr/lib/code/out/bootstrap-amd.js
- /usr/lib/code/out/bootstrap-fork.js
	at Module._resolveFilename (node:internal/modules/cjs/loader:940:15)
	at Module._load (node:internal/modules/cjs/loader:785:27)
	at c._load (node:electron/js2c/asar_bundle:5:13343)
	at s._load (/usr/lib/code/out/vs/workbench/api/node/extensionHostProcess.js:111:14538)
	at p._load (/usr/lib/code/out/vs/workbench/api/node/extensionHostProcess.js:106:62866)
	at E._load (/usr/lib/code/out/vs/workbench/api/node/extensionHostProcess.js:106:62234)
	at Module.require (node:internal/modules/cjs/loader:1012:19)
	at require (node:internal/modules/cjs/helpers:102:18)
	at Function.r [as __$__nodeRequire] (/usr/lib/code/out/vs/loader.js:5:101)
	at b._loadCommonJSModule (/usr/lib/code/out/vs/workbench/api/node/extensionHostProcess.js:106:64346)
	at b._doActivateExtension (/usr/lib/code/out/vs/workbench/api/node/extensionHostProcess.js:97:14941)
	at b._activateExtension (/usr/lib/code/out/vs/workbench/api/node/extensionHostProcess.js:97:13880)
	at process.processTicksAndRejections (node:internal/process/task_queues:96:5)
	at async E._activate (/usr/lib/code/out/vs/workbench/api/node/extensionHostProcess.js:85:8224)
	at async E._waitForDepsThenActivate (/usr/lib/code/out/vs/workbench/api/node/extensionHostProcess.js:85:8166)
	at async E._initialize (/usr/lib/code/out/vs/workbench/api/node/extensionHostProcess.js:85:7530)
[2022-09-25 11:06:38.551] [exthost] [info] ExtensionService#_doActivateExtension vscode.git, startup: true, activationEvent: '*'
[2022-09-25 11:06:38.575] [exthost] [info] ExtensionService#_doActivateExtension vscode.github, startup: true, activationEvent: '*'
[2022-09-25 11:06:38.579] [exthost] [info] ExtensionService#_doActivateExtension mtxr.sqltools-driver-mysql, startup: true, activationEvent: '*'
[2022-09-25 11:06:38.581] [exthost] [info] ExtensionService#_doActivateExtension mtxr.sqltools-driver-pg, startup: true, activationEvent: '*'
[2022-09-25 11:06:38.611] [exthost] [info] Eager extensions activated
[2022-09-25 11:06:38.627] [exthost] [info] ExtensionService#_doActivateExtension vscode.emmet, startup: false, activationEvent: 'onStartupFinished'
[2022-09-25 11:06:38.632] [exthost] [info] ExtensionService#_doActivateExtension vscode.merge-conflict, startup: false, activationEvent: 'onStartupFinished'
[2022-09-25 11:11:35.681] [exthost] [info] Extension host terminating: received terminate message from renderer
[2022-09-25 11:11:35.704] [exthost] [info] Extension host with pid 26284 exiting with code 0
[2022-09-25 11:11:37.836] [exthost] [info] Extension host with pid 35294 started
[2022-09-25 11:11:37.837] [exthost] [info] Skipping acquiring lock for /home/tkemberli/.config/Code - OSS/User/workspaceStorage/04ed5e60ffa47b349e6205bc21256881.
[2022-09-25 11:11:37.886] [exthost] [info] ExtensionService#_doActivateExtension vscode.debug-auto-launch, startup: true, activationEvent: '*'
[2022-09-25 11:11:37.889] [exthost] [info] ExtensionService#_doActivateExtension vscode.git-base, startup: true, activationEvent: '*', root cause: vscode.git
[2022-09-25 11:11:37.891] [exthost] [info] ExtensionService#_doActivateExtension vscode.ipynb, startup: true, activationEvent: '*'
[2022-09-25 11:11:37.893] [exthost] [info] ExtensionService#_doActivateExtension mtxr.sqltools, startup: true, activationEvent: '*'
[2022-09-25 11:11:37.954] [exthost] [info] ExtensionService#_doActivateExtension vscode.git, startup: true, activationEvent: '*'
[2022-09-25 11:11:37.974] [exthost] [info] ExtensionService#_doActivateExtension vscode.github, startup: true, activationEvent: '*'
[2022-09-25 11:11:37.977] [exthost] [info] ExtensionService#_doActivateExtension mtxr.sqltools-driver-mysql, startup: true, activationEvent: '*'
[2022-09-25 11:11:37.979] [exthost] [info] ExtensionService#_doActivateExtension mtxr.sqltools-driver-pg, startup: true, activationEvent: '*'
[2022-09-25 11:11:38.009] [exthost] [info] Eager extensions activated
[2022-09-25 11:11:38.027] [exthost] [info] ExtensionService#_doActivateExtension vscode.emmet, startup: false, activationEvent: 'onStartupFinished'
[2022-09-25 11:11:38.035] [exthost] [info] ExtensionService#_doActivateExtension vscode.merge-conflict, startup: false, activationEvent: 'onStartupFinished'
[2022-09-25 11:11:55.220] [exthost] [info] ExtensionService#_doActivateExtension justusadam.language-haskell, startup: false, activationEvent: 'onLanguage:haskell', root cause: haskell.haskell
[2022-09-25 11:11:55.223] [exthost] [error] Activating extension justusadam.language-haskell failed due to an error:
[2022-09-25 11:11:55.223] [exthost] [error] Error: Cannot find module '/home/tkemberli/.vscode-oss/extensions/justusadam.language-haskell-3.6.0/out/src/extension'
Require stack:
- /usr/lib/code/out/vs/loader.js
- /usr/lib/code/out/bootstrap-amd.js
- /usr/lib/code/out/bootstrap-fork.js
	at Module._resolveFilename (node:internal/modules/cjs/loader:940:15)
	at Module._load (node:internal/modules/cjs/loader:785:27)
	at c._load (node:electron/js2c/asar_bundle:5:13343)
	at s._load (/usr/lib/code/out/vs/workbench/api/node/extensionHostProcess.js:111:14538)
	at p._load (/usr/lib/code/out/vs/workbench/api/node/extensionHostProcess.js:106:62866)
	at E._load (/usr/lib/code/out/vs/workbench/api/node/extensionHostProcess.js:106:62234)
	at Module.require (node:internal/modules/cjs/loader:1012:19)
	at require (node:internal/modules/cjs/helpers:102:18)
	at Function.r [as __$__nodeRequire] (/usr/lib/code/out/vs/loader.js:5:101)
	at b._loadCommonJSModule (/usr/lib/code/out/vs/workbench/api/node/extensionHostProcess.js:106:64346)
	at b._doActivateExtension (/usr/lib/code/out/vs/workbench/api/node/extensionHostProcess.js:97:14941)
	at b._activateExtension (/usr/lib/code/out/vs/workbench/api/node/extensionHostProcess.js:97:13880)
	at process.processTicksAndRejections (node:internal/process/task_queues:96:5)
	at async E._activate (/usr/lib/code/out/vs/workbench/api/node/extensionHostProcess.js:85:8224)
	at async E._waitForDepsThenActivate (/usr/lib/code/out/vs/workbench/api/node/extensionHostProcess.js:85:8166)
	at async E._initialize (/usr/lib/code/out/vs/workbench/api/node/extensionHostProcess.js:85:7530)
[2022-09-25 11:16:31.350] [exthost] [info] Extension host terminating: received terminate message from renderer
[2022-09-25 11:16:31.373] [exthost] [info] Extension host with pid 35294 exiting with code 0
[2022-09-25 11:16:33.653] [exthost] [info] Extension host with pid 44179 started
[2022-09-25 11:16:33.653] [exthost] [info] Skipping acquiring lock for /home/tkemberli/.config/Code - OSS/User/workspaceStorage/c1af8d4b120074851743090e3126d811.
[2022-09-25 11:16:33.746] [exthost] [info] ExtensionService#_doActivateExtension justusadam.language-haskell, startup: false, activationEvent: 'onLanguage:haskell', root cause: haskell.haskell
[2022-09-25 11:16:33.748] [exthost] [info] ExtensionService#_doActivateExtension vscode.debug-auto-launch, startup: true, activationEvent: '*'
[2022-09-25 11:16:33.754] [exthost] [info] ExtensionService#_doActivateExtension vscode.git-base, startup: true, activationEvent: '*', root cause: vscode.git
[2022-09-25 11:16:33.758] [exthost] [info] ExtensionService#_doActivateExtension vscode.ipynb, startup: true, activationEvent: '*'
[2022-09-25 11:16:33.764] [exthost] [info] ExtensionService#_doActivateExtension mtxr.sqltools, startup: true, activationEvent: '*'
[2022-09-25 11:16:33.815] [exthost] [error] Activating extension justusadam.language-haskell failed due to an error:
[2022-09-25 11:16:33.815] [exthost] [error] Error: Cannot find module '/home/tkemberli/.vscode-oss/extensions/justusadam.language-haskell-3.6.0/out/src/extension'
Require stack:
- /usr/lib/code/out/vs/loader.js
- /usr/lib/code/out/bootstrap-amd.js
- /usr/lib/code/out/bootstrap-fork.js
	at Module._resolveFilename (node:internal/modules/cjs/loader:940:15)
	at Module._load (node:internal/modules/cjs/loader:785:27)
	at c._load (node:electron/js2c/asar_bundle:5:13343)
	at s._load (/usr/lib/code/out/vs/workbench/api/node/extensionHostProcess.js:111:14538)
	at p._load (/usr/lib/code/out/vs/workbench/api/node/extensionHostProcess.js:106:62866)
	at E._load (/usr/lib/code/out/vs/workbench/api/node/extensionHostProcess.js:106:62234)
	at Module.require (node:internal/modules/cjs/loader:1012:19)
	at require (node:internal/modules/cjs/helpers:102:18)
	at Function.r [as __$__nodeRequire] (/usr/lib/code/out/vs/loader.js:5:101)
	at b._loadCommonJSModule (/usr/lib/code/out/vs/workbench/api/node/extensionHostProcess.js:106:64346)
	at b._doActivateExtension (/usr/lib/code/out/vs/workbench/api/node/extensionHostProcess.js:97:14941)
	at b._activateExtension (/usr/lib/code/out/vs/workbench/api/node/extensionHostProcess.js:97:13880)
	at process.processTicksAndRejections (node:internal/process/task_queues:96:5)
	at async E._activate (/usr/lib/code/out/vs/workbench/api/node/extensionHostProcess.js:85:8224)
	at async E._waitForDepsThenActivate (/usr/lib/code/out/vs/workbench/api/node/extensionHostProcess.js:85:8166)
	at async E._initialize (/usr/lib/code/out/vs/workbench/api/node/extensionHostProcess.js:85:7530)
[2022-09-25 11:16:33.891] [exthost] [info] ExtensionService#_doActivateExtension vscode.git, startup: true, activationEvent: '*'
[2022-09-25 11:16:33.915] [exthost] [info] ExtensionService#_doActivateExtension vscode.github, startup: true, activationEvent: '*'
[2022-09-25 11:16:33.922] [exthost] [info] ExtensionService#_doActivateExtension mtxr.sqltools-driver-mysql, startup: true, activationEvent: '*'
[2022-09-25 11:16:33.927] [exthost] [info] ExtensionService#_doActivateExtension mtxr.sqltools-driver-pg, startup: true, activationEvent: '*'
[2022-09-25 11:16:33.981] [exthost] [info] Eager extensions activated
[2022-09-25 11:16:34.024] [exthost] [info] ExtensionService#_doActivateExtension vscode.emmet, startup: false, activationEvent: 'onStartupFinished'
[2022-09-25 11:16:34.029] [exthost] [info] ExtensionService#_doActivateExtension vscode.merge-conflict, startup: false, activationEvent: 'onStartupFinished'
[2022-09-25 11:17:09.625] [exthost] [info] Extension host terminating: received terminate message from renderer
[2022-09-25 11:17:09.646] [exthost] [info] Extension host with pid 44179 exiting with code 0
[2022-09-25 11:17:11.868] [exthost] [info] Extension host with pid 45331 started
[2022-09-25 11:17:11.868] [exthost] [info] Skipping acquiring lock for /home/tkemberli/.config/Code - OSS/User/workspaceStorage/361baa5ee50976e7cd215e9adee9774a.
[2022-09-25 11:17:11.945] [exthost] [info] ExtensionService#_doActivateExtension vscode.debug-auto-launch, startup: true, activationEvent: '*'
[2022-09-25 11:17:11.952] [exthost] [info] ExtensionService#_doActivateExtension vscode.git-base, startup: true, activationEvent: '*', root cause: vscode.git
[2022-09-25 11:17:11.956] [exthost] [info] ExtensionService#_doActivateExtension vscode.ipynb, startup: true, activationEvent: '*'
[2022-09-25 11:17:11.961] [exthost] [info] ExtensionService#_doActivateExtension mtxr.sqltools, startup: true, activationEvent: '*'
[2022-09-25 11:17:12.041] [exthost] [info] ExtensionService#_doActivateExtension vscode.git, startup: true, activationEvent: '*'
[2022-09-25 11:17:12.061] [exthost] [info] ExtensionService#_doActivateExtension vscode.github, startup: true, activationEvent: '*'
[2022-09-25 11:17:12.064] [exthost] [info] ExtensionService#_doActivateExtension mtxr.sqltools-driver-mysql, startup: true, activationEvent: '*'
[2022-09-25 11:17:12.066] [exthost] [info] ExtensionService#_doActivateExtension mtxr.sqltools-driver-pg, startup: true, activationEvent: '*'
[2022-09-25 11:17:12.094] [exthost] [info] Eager extensions activated
[2022-09-25 11:17:12.111] [exthost] [info] ExtensionService#_doActivateExtension vscode.emmet, startup: false, activationEvent: 'onStartupFinished'
[2022-09-25 11:17:12.116] [exthost] [info] ExtensionService#_doActivateExtension vscode.merge-conflict, startup: false, activationEvent: 'onStartupFinished'
[2022-09-25 11:19:42.211] [exthost] [info] ExtensionService#_doActivateExtension justusadam.language-haskell, startup: false, activationEvent: 'onLanguage:haskell', root cause: haskell.haskell
[2022-09-25 11:19:42.214] [exthost] [error] Activating extension justusadam.language-haskell failed due to an error:
[2022-09-25 11:19:42.214] [exthost] [error] Error: Cannot find module '/home/tkemberli/.vscode-oss/extensions/justusadam.language-haskell-3.6.0/out/src/extension'
Require stack:
- /usr/lib/code/out/vs/loader.js
- /usr/lib/code/out/bootstrap-amd.js
- /usr/lib/code/out/bootstrap-fork.js
	at Module._resolveFilename (node:internal/modules/cjs/loader:940:15)
	at Module._load (node:internal/modules/cjs/loader:785:27)
	at c._load (node:electron/js2c/asar_bundle:5:13343)
	at s._load (/usr/lib/code/out/vs/workbench/api/node/extensionHostProcess.js:111:14538)
	at p._load (/usr/lib/code/out/vs/workbench/api/node/extensionHostProcess.js:106:62866)
	at E._load (/usr/lib/code/out/vs/workbench/api/node/extensionHostProcess.js:106:62234)
	at Module.require (node:internal/modules/cjs/loader:1012:19)
	at require (node:internal/modules/cjs/helpers:102:18)
	at Function.r [as __$__nodeRequire] (/usr/lib/code/out/vs/loader.js:5:101)
	at b._loadCommonJSModule (/usr/lib/code/out/vs/workbench/api/node/extensionHostProcess.js:106:64346)
	at b._doActivateExtension (/usr/lib/code/out/vs/workbench/api/node/extensionHostProcess.js:97:14941)
	at b._activateExtension (/usr/lib/code/out/vs/workbench/api/node/extensionHostProcess.js:97:13880)
	at process.processTicksAndRejections (node:internal/process/task_queues:96:5)
	at async E._activate (/usr/lib/code/out/vs/workbench/api/node/extensionHostProcess.js:85:8224)
	at async E._waitForDepsThenActivate (/usr/lib/code/out/vs/workbench/api/node/extensionHostProcess.js:85:8166)
	at async E._initialize (/usr/lib/code/out/vs/workbench/api/node/extensionHostProcess.js:85:7530)
